<?xml version="1.0" encoding="UTF-8"?>
<!-- Generated by org.testng.reporters.JUnitReportReporter -->
<testsuite hostname="Arun" name="test.TestOrganizationWithEmailId" tests="1" failures="0" timestamp="29 Jan 2020 08:37:19 GMT" time="29.173" errors="0">
  <testcase name="testNewOrganization" time="29.173" classname="test.TestOrganizationWithEmailId"/>
</testsuite> <!-- test.TestOrganizationWithEmailId -->
