<?xml version="1.0" encoding="UTF-8"?>
<!-- Generated by org.testng.reporters.JUnitReportReporter -->
<testsuite hostname="Arun" name="test.TestCampaign" tests="1" failures="0" timestamp="29 Jan 2020 08:37:19 GMT" time="22.281" errors="0">
  <testcase name="testCampaign" time="22.281" classname="test.TestCampaign"/>
</testsuite> <!-- test.TestCampaign -->
