<?xml version="1.0" encoding="UTF-8"?>
<!-- Generated by org.testng.reporters.JUnitReportReporter -->
<testsuite hostname="Arun" name="test.TestNewOrganizations" tests="1" failures="0" timestamp="29 Jan 2020 08:37:19 GMT" time="64.121" errors="0">
  <testcase name="testNewOrganization" time="64.121" classname="test.TestNewOrganizations"/>
</testsuite> <!-- test.TestNewOrganizations -->
